Tue Apr 15 19:07:33 UTC 2025
Wed Apr 16 13:34:41 UTC 2025
Thu Apr 17 13:18:30 UTC 2025
Fri Apr 18 13:15:34 UTC 2025
Sat Apr 19 13:02:33 UTC 2025
Sun Apr 20 13:13:23 UTC 2025
Mon Apr 21 13:17:18 UTC 2025
Tue Apr 22 13:35:04 UTC 2025
Wed Apr 23 13:35:52 UTC 2025
Thu Apr 24 13:36:40 UTC 2025
Fri Apr 25 13:18:41 UTC 2025
Sat Apr 26 13:04:06 UTC 2025
Sun Apr 27 13:04:25 UTC 2025
Mon Apr 28 13:49:55 UTC 2025
Tue Apr 29 13:44:27 UTC 2025
Wed Apr 30 13:35:01 UTC 2025
Thu May  1 13:17:55 UTC 2025
Fri May  2 13:18:50 UTC 2025
Sat May  3 13:05:22 UTC 2025
Sun May  4 13:13:45 UTC 2025
